<?xml version="1.0" encoding="UTF-8"?>
<testsuite name="es.gob.afirma.core.misc.http.TestHttpConnection" tests="1" skipped="1" failures="0" errors="0" timestamp="2019-01-21T15:59:49" hostname="PC0G86E3" time="0.0">
  <properties/>
  <testcase name="testHttpsConnection" classname="es.gob.afirma.core.misc.http.TestHttpConnection" time="0.0">
    <skipped/>
  </testcase>
  <system-out><![CDATA[]]></system-out>
  <system-err><![CDATA[]]></system-err>
</testsuite>
