<?xml version="1.0" encoding="UTF-8"?>
<testsuite name="es.gob.afirma.core.misc.TestTriphaseSession" tests="2" skipped="0" failures="0" errors="0" timestamp="2019-01-21T15:59:50" hostname="PC0G86E3" time="0.017">
  <properties/>
  <testcase name="testTriphaseXmlParsing" classname="es.gob.afirma.core.misc.TestTriphaseSession" time="0.013"/>
  <testcase name="testTriphaseXmlParsingWithFormat" classname="es.gob.afirma.core.misc.TestTriphaseSession" time="0.004"/>
  <system-out><![CDATA[<xml>
 <firmas>
  <firma Id="002">
   <param n="PRE">MYICXDAYBgkqhkiG9w0BCQMxCwYJKoZIhvcNAQcBMBwGCSqGSIb3DQEJBTEPFw0xNTA3MTgxMzU5MzBaMCQGCyqGSIb3DQEJEAIEMRUwEwwGYmluYXJ5BgkqhkiG9w0BBwEwTwYJKoZIhvcNAQkEMUIEQLsLJoe58Rp1EQy/eFcOp8i6uxCIDVM6GrOIEThxvWQ8R9uW4bGXk0drWz8wAAcZYaptbKsMHIc8TXUVUSxiu7swggGpBgsqhkiG9w0BCRACLzGCAZgwggGUMIIBkDCCAYwwDQYJYIZIAWUDBAIDBQAEQKZAfc/mFcG6ZmAvy5X7vfiXMtJh4HDO5RrYvaZWTTmQEOD/1RZ3O59W7dGLhUyBLMukJJgoNpd9KyGLNnw+Ux8wggE3MIIBKaSCASUwggEhMQswCQYDVQQGEwJFUzESMBAGA1UECAwJQmFyY2Vsb25hMVgwVgYDVQQHDE9CYXJjZWxvbmEgKHNlZSBjdXJyZW50IGFkZHJlc3MgYXQgaHR0cDovL3d3dy5hbmYuZXMvZXMvYWRkcmVzcy1kaXJlY2Npb24uaHRtbCApMScwJQYDVQQKDB5BTkYgQXV0b3JpZGFkIGRlIENlcnRpZmljYWNpb24xLjAsBgNVBAsMJUFORiBBdXRvcmlkYWQgSW50ZXJtZWRpYSBkZSBJZGVudGlkYWQxGjAYBgkqhkiG9w0BCQEWC2luZm9AYW5mLmVzMRIwEAYDVQQFEwlHNjMyODc1MTAxGzAZBgNVBAMMEkFORiBBc3N1cmVkIElEIENBMQIIBRpYweGvykA=</param>
   <param n="PK1">EMijB9pJ0lj27Xqov2RcNBRLHTSWPv+LAwCXdMrscOm3wA5sMsK7UlojtsJ4PlcGSdZK8oO0+wHsWmMFxY4Y6C3FqypG4YSccAnWEkDzRnwAn222fnoVfZJ9YDGqpxhwRq3wqIDagV62wuu7nfdr6fgQ3NYtihME7S8jxWVRnCM=</param>
   <param n="NEED_PRE">true</param>
   <param n="NEED_DATA">true</param>
  </firma>
 </firmas>
</xml>
<xml>
 <firmas format="XAdES">
  <firma Id="001">
   <param n="PRE">MYICXDAYBgkqhkiG</param>
   <param n="PK1">EMijB9pJ0lj27Xqo</param>
   <param n="NEED_PRE">true</param>
   <param n="NEED_DATA">true</param>
  </firma>
 </firmas>
</xml>
]]></system-out>
  <system-err><![CDATA[]]></system-err>
</testsuite>
