<?xml version="1.0" encoding="UTF-8"?>
<testsuite name="es.gob.afirma.core.misc.TestLogManager" tests="1" skipped="0" failures="0" errors="0" timestamp="2019-01-21T15:59:49" hostname="PC0G86E3" time="0.015">
  <properties/>
  <testcase name="testLogRetrieve" classname="es.gob.afirma.core.misc.TestLogManager" time="0.015"/>
  <system-out><![CDATA[<?xml version="1.0" encoding="windows-1252" standalone="no"?>
<!DOCTYPE log SYSTEM "logger.dtd">
<log>
<record>
  <date>2019-01-21T16:59:49</date>
  <millis>1548086389859</millis>
  <sequence>5</sequence>
  <logger>es.gob.afirma</logger>
  <level>INFO</level>
  <class>es.gob.afirma.core.misc.TestLogManager</class>
  <method>testLogRetrieve</method>
  <thread>12</thread>
  <message>Info</message>
</record>
<record>
  <date>2019-01-21T16:59:49</date>
  <millis>1548086389860</millis>
  <sequence>6</sequence>
  <logger>es.gob.afirma</logger>
  <level>WARNING</level>
  <class>es.gob.afirma.core.misc.TestLogManager</class>
  <method>testLogRetrieve</method>
  <thread>12</thread>
  <message>Warning</message>
</record>
<record>
  <date>2019-01-21T16:59:49</date>
  <millis>1548086389861</millis>
  <sequence>7</sequence>
  <logger>es.gob.afirma</logger>
  <level>SEVERE</level>
  <class>es.gob.afirma.core.misc.TestLogManager</class>
  <method>testLogRetrieve</method>
  <thread>12</thread>
  <message>Severe</message>
</record>
</log>

]]></system-out>
  <system-err><![CDATA[ene 21, 2019 4:59:49 PM es.gob.afirma.core.misc.TestLogManager testLogRetrieve
INFORMACIÓN: Info
ene 21, 2019 4:59:49 PM es.gob.afirma.core.misc.TestLogManager testLogRetrieve
ADVERTENCIA: Warning
ene 21, 2019 4:59:49 PM es.gob.afirma.core.misc.TestLogManager testLogRetrieve
GRAVE: Severe
ene 21, 2019 4:59:49 PM es.gob.afirma.core.LogManager getLogFile
INFORMACIÓN: Cerrado el manejador de fichero para permitir que sea procesado
]]></system-err>
</testsuite>
