<?xml version="1.0" encoding="UTF-8"?>
<testsuite name="es.gob.afirma.core.signers.TestExtraParamsProcessor" tests="1" skipped="0" failures="0" errors="0" timestamp="2019-01-21T15:59:50" hostname="PC0G86E3" time="0.002">
  <properties/>
  <testcase name="testExtraParamProcessor" classname="es.gob.afirma.core.signers.TestExtraParamsProcessor" time="0.002"/>
  <system-out><![CDATA[Clave1 = valor
clave0 = 
5 = 
cla = ve9=valor
4 = v
clave8 = valor
2 = valor
clave7 = val=or
clave6 = 
 = valor
clave3 = v
]]></system-out>
  <system-err><![CDATA[]]></system-err>
</testsuite>
